#
# There is insufficient memory for the Java Runtime Environment to continue.
# Native memory allocation (malloc) failed to allocate 1249616 bytes for Chunk::new
# Possible reasons:
#   The system is out of physical RAM or swap space
#   The process is running with CompressedOops enabled, and the Java Heap may be blocking the growth of the native heap
# Possible solutions:
#   Reduce memory load on the system
#   Increase physical memory or swap space
#   Check if swap backing store is full
#   Decrease Java heap size (-Xmx/-Xms)
#   Decrease number of Java threads
#   Decrease Java thread stack sizes (-Xss)
#   Set larger code cache with -XX:ReservedCodeCacheSize=
#   JVM is running with Unscaled Compressed Oops mode in which the Java heap is
#     placed in the first 4GB address space. The Java Heap base address is the
#     maximum limit for the native heap growth. Please use -XX:HeapBaseMinAddress
#     to set the Java Heap base and to place the Java Heap above 4GB virtual address.
# This output file may be truncated or incomplete.
#
#  Out of Memory Error (allocation.cpp:389), pid=16212, tid=0x0000000000002e38
#
# JRE version: OpenJDK Runtime Environment (8.0_242-b01) (build 1.8.0_242-release-1644-b01)
# Java VM: OpenJDK 64-Bit Server VM (25.242-b01 mixed mode windows-amd64 compressed oops)
# Failed to write core dump. Minidumps are not enabled by default on client versions of Windows
#

---------------  T H R E A D  ---------------

Current thread (0x00000000172fc000):  JavaThread "C2 CompilerThread1" daemon [_thread_in_native, id=11832, stack(0x0000000018a40000,0x0000000018b40000)]

Stack: [0x0000000018a40000,0x0000000018b40000]
[error occurred during error reporting (printing stack bounds), id 0xc0000005]

Native frames: (J=compiled Java code, j=interpreted, Vv=VM code, C=native code)


Current CompileTask:
C2:  73367 17176       4       com.android.tools.r8.ir.conversion.o::a (1157 bytes)


---------------  P R O C E S S  ---------------

Java Threads: ( => current thread )
  0x0000000020148800 JavaThread "ForkJoinPool.commonPool-worker-2" daemon [_thread_blocked, id=5640, stack(0x0000000027650000,0x0000000027750000)]
  0x000000002014b800 JavaThread "Cache worker for Java compile cache (E:\Labs\3_curs\First_semester\PAM\Telemedicine\.gradle\6.1.1\javaCompile)" [_thread_blocked, id=10876, stack(0x0000000027150000,0x0000000027250000)]
  0x000000002014a800 JavaThread "Cache worker for Java compile cache (C:\Users\44223\.gradle\caches\6.1.1\javaCompile)" [_thread_blocked, id=20032, stack(0x0000000026f10000,0x0000000027010000)]
  0x0000000020149000 JavaThread "RMI TCP Connection(1)-127.0.0.1" daemon [_thread_in_native, id=12076, stack(0x0000000027050000,0x0000000027150000)]
  0x000000002014a000 JavaThread "RMI Reaper" [_thread_blocked, id=18588, stack(0x0000000026e10000,0x0000000026f10000)]
  0x0000000020147800 JavaThread "RMI TCP Accept-0" daemon [_thread_in_native, id=13908, stack(0x0000000026d10000,0x0000000026e10000)]
  0x000000001e47a000 JavaThread "GC Daemon" daemon [_thread_blocked, id=2508, stack(0x0000000026c10000,0x0000000026d10000)]
  0x000000001e479000 JavaThread "RMI Scheduler(0)" daemon [_thread_blocked, id=16112, stack(0x0000000025ae0000,0x0000000025be0000)]
  0x000000001e47d000 JavaThread "WorkerExecutor Queue Thread 5" [_thread_blocked, id=14192, stack(0x00000000261e0000,0x00000000262e0000)]
  0x000000001e47b800 JavaThread "stdout" [_thread_in_native, id=4116, stack(0x0000000026410000,0x0000000026510000)]
  0x000000001e47a800 JavaThread "stderr" [_thread_in_native, id=17172, stack(0x0000000026310000,0x0000000026410000)]
  0x000000001e481800 JavaThread "stdout" [_thread_in_native, id=16984, stack(0x0000000025ee0000,0x0000000025fe0000)]
  0x000000001e47d800 JavaThread "stderr" [_thread_in_native, id=19220, stack(0x0000000025de0000,0x0000000025ee0000)]
  0x000000001e47f000 JavaThread "WorkerExecutor Queue Thread 4" [_thread_blocked, id=20300, stack(0x0000000025ce0000,0x0000000025de0000)]
  0x000000001e47e800 JavaThread "WorkerExecutor Queue" [_thread_blocked, id=19436, stack(0x00000000259e0000,0x0000000025ae0000)]
  0x000000001e476000 JavaThread "stdout" [_thread_in_native, id=8276, stack(0x00000000255e0000,0x00000000256e0000)]
  0x000000001e478800 JavaThread "stderr" [_thread_in_native, id=8804, stack(0x00000000254e0000,0x00000000255e0000)]
  0x000000001e474800 JavaThread "stdout" [_thread_in_native, id=640, stack(0x00000000253e0000,0x00000000254e0000)]
  0x000000001e477800 JavaThread "stderr" [_thread_in_native, id=15780, stack(0x00000000252e0000,0x00000000253e0000)]
  0x000000001e474000 JavaThread "pool-7-thread-1" [_thread_blocked, id=16448, stack(0x00000000251e0000,0x00000000252e0000)]
  0x000000001d38c000 JavaThread "Cache worker for execution history cache (E:\Labs\3_curs\First_semester\PAM\Telemedicine\.gradle\6.1.1\executionHistory)" [_thread_blocked, id=13592, stack(0x0000000024ca0000,0x0000000024da0000)]
  0x000000001d38d000 JavaThread "Execution worker for ':' Thread 3" [_thread_in_native, id=6548, stack(0x0000000024ee0000,0x0000000024fe0000)]
  0x000000001d38d800 JavaThread "Execution worker for ':' Thread 2" [_thread_in_Java, id=19740, stack(0x0000000024de0000,0x0000000024ee0000)]
  0x000000001d388800 JavaThread "Execution worker for ':'" [_thread_in_native, id=15556, stack(0x0000000024970000,0x0000000024a70000)]
  0x000000001d38a800 JavaThread "Cache worker for file content cache (E:\Labs\3_curs\First_semester\PAM\Telemedicine\.gradle\6.1.1\fileContent)" [_thread_blocked, id=15504, stack(0x0000000024470000,0x0000000024570000)]
  0x000000001d381000 JavaThread "Cache worker for file content cache (C:\Users\44223\.gradle\caches\6.1.1\fileContent)" [_thread_blocked, id=20236, stack(0x0000000024370000,0x0000000024470000)]
  0x000000001d382800 JavaThread "Memory manager" [_thread_blocked, id=3052, stack(0x0000000024270000,0x0000000024370000)]
  0x000000001d380000 JavaThread "Cache worker for Build Output Cleanup Cache (E:\Labs\3_curs\First_semester\PAM\Telemedicine\.gradle\buildOutputCleanup)" [_thread_in_native, id=17516, stack(0x0000000023570000,0x0000000023670000)]
  0x000000001d381800 JavaThread "pool-1-thread-1" [_thread_blocked, id=13952, stack(0x0000000023270000,0x0000000023370000)]
  0x000000001d387000 JavaThread "Build operations Thread 4" [_thread_blocked, id=13360, stack(0x0000000022d70000,0x0000000022e70000)]
  0x000000001d384000 JavaThread "Build operations Thread 3" [_thread_blocked, id=19520, stack(0x0000000022c70000,0x0000000022d70000)]
  0x000000001d383000 JavaThread "Build operations Thread 2" [_thread_blocked, id=20344, stack(0x0000000022b70000,0x0000000022c70000)]
  0x000000001d37f800 JavaThread "Build operations" [_thread_blocked, id=2796, stack(0x000000001fe30000,0x000000001ff30000)]
  0x000000001af86000 JavaThread "Cache worker for execution history cache (C:\Users\44223\.gradle\caches\6.1.1\executionHistory)" [_thread_blocked, id=7944, stack(0x000000001fd30000,0x000000001fe30000)]
  0x000000001af89000 JavaThread "Cache worker for cache directory md-rule (C:\Users\44223\.gradle\caches\6.1.1\md-rule)" [_thread_blocked, id=15256, stack(0x000000001fc30000,0x000000001fd30000)]
  0x000000001af84800 JavaThread "Cache worker for cache directory md-supplier (C:\Users\44223\.gradle\caches\6.1.1\md-supplier)" [_thread_blocked, id=17524, stack(0x000000001f990000,0x000000001fa90000)]
  0x000000001af8b800 JavaThread "Cache worker for file hash cache (E:\Labs\3_curs\First_semester\PAM\Telemedicine\.gradle\6.1.1\fileHashes)" [_thread_blocked, id=6160, stack(0x000000001f690000,0x000000001f790000)]
  0x000000001af88800 JavaThread "Cache worker for checksums cache (E:\Labs\3_curs\First_semester\PAM\Telemedicine\.gradle\checksums)" [_thread_blocked, id=17548, stack(0x000000001fb30000,0x000000001fc30000)]
  0x000000001af85800 JavaThread "Cache worker for file hash cache (C:\Users\44223\.gradle\caches\6.1.1\fileHashes)" [_thread_blocked, id=512, stack(0x000000001d060000,0x000000001d160000)]
  0x000000001af8a800 JavaThread "File lock request listener" [_thread_in_native, id=8744, stack(0x000000001cf60000,0x000000001d060000)]
  0x000000001af8a000 JavaThread "Cache worker for journal cache (C:\Users\44223\.gradle\caches\journal-1)" [_thread_blocked, id=15124, stack(0x000000001ce60000,0x000000001cf60000)]
  0x00000000193e0000 JavaThread "Thread-9" [_thread_blocked, id=8704, stack(0x000000001cb60000,0x000000001cc60000)]
  0x00000000193d0000 JavaThread "Asynchronous log dispatcher for DefaultDaemonConnection: socket connection from /127.0.0.1:17387 to /127.0.0.1:17388" [_thread_blocked, id=6104, stack(0x000000001c960000,0x000000001ca60000)]
  0x000000001ad3d800 JavaThread "Daemon worker" [_thread_in_native, id=3524, stack(0x000000001c860000,0x000000001c960000)]
  0x000000001ad3d000 JavaThread "Cancel handler" [_thread_blocked, id=17160, stack(0x000000001c760000,0x000000001c860000)]
  0x0000000019d31800 JavaThread "Handler for socket connection from /127.0.0.1:17387 to /127.0.0.1:17388" [_thread_in_native, id=13392, stack(0x000000001c460000,0x000000001c560000)]
  0x0000000019d30800 JavaThread "Daemon" [_thread_blocked, id=20176, stack(0x000000001c360000,0x000000001c460000)]
  0x000000001acbd000 JavaThread "Daemon periodic checks" [_thread_blocked, id=8464, stack(0x000000001c260000,0x000000001c360000)]
  0x000000001acbb800 JavaThread "Incoming local TCP Connector on port 17387" [_thread_in_native, id=14472, stack(0x000000001c020000,0x000000001c120000)]
  0x000000001a35d800 JavaThread "Daemon health stats" [_thread_blocked, id=14356, stack(0x000000001b9e0000,0x000000001bae0000)]
  0x000000001734b800 JavaThread "Service Thread" daemon [_thread_blocked, id=10976, stack(0x0000000018c40000,0x0000000018d40000)]
  0x0000000017304000 JavaThread "C1 CompilerThread2" daemon [_thread_blocked, id=5664, stack(0x0000000018b40000,0x0000000018c40000)]
=>0x00000000172fc000 JavaThread "C2 CompilerThread1" daemon [_thread_in_native, id=11832, stack(0x0000000018a40000,0x0000000018b40000)]
  0x00000000172f8800 JavaThread "C2 CompilerThread0" daemon [_thread_in_native, id=2292, stack(0x0000000018940000,0x0000000018a40000)]
  0x00000000172f6000 JavaThread "Attach Listener" daemon [_thread_blocked, id=19320, stack(0x0000000018840000,0x0000000018940000)]
  0x00000000172f4800 JavaThread "Signal Dispatcher" daemon [_thread_blocked, id=7164, stack(0x0000000018740000,0x0000000018840000)]
  0x00000000026ca800 JavaThread "Finalizer" daemon [_thread_blocked, id=8600, stack(0x0000000018540000,0x0000000018640000)]
  0x00000000026c2000 JavaThread "Reference Handler" daemon [_thread_blocked, id=5020, stack(0x0000000018440000,0x0000000018540000)]
  0x00000000025d2800 JavaThread "main" [_thread_blocked, id=4976, stack(0x00000000023e0000,0x00000000024e0000)]

Other Threads:
  0x00000000172b6800 VMThread [stack: 0x0000000018340000,0x0000000018440000] [id=11908]
  0x0000000018d58800 WatcherThread [stack: 0x0000000019140000,0x0000000019240000] [id=10896]

VM state:not at safepoint (normal execution)

VM Mutex/Monitor currently owned by a thread: None

OutOfMemory and StackOverflow Exception counts:
OutOfMemoryError java_heap_errors=1

heap address: 0x0000000080000000, size: 2048 MB, Compressed Oops mode: 32-bit
Narrow klass base: 0x0000000000000000, Narrow klass shift: 3
Compressed class space size: 1073741824 Address: 0x0000000100000000

Heap:
 PSYoungGen      total 343552K, used 24662K [0x00000000d5580000, 0x00000000ec380000, 0x0000000100000000)
  eden space 328704K, 7% used [0x00000000d5580000,0x00000000d6d95810,0x00000000e9680000)
  from space 14848K, 0% used [0x00000000eb500000,0x00000000eb500000,0x00000000ec380000)
  to   space 23040K, 0% used [0x00000000e9680000,0x00000000e9680000,0x00000000ead00000)
 ParOldGen       total 97792K, used 77879K [0x0000000080000000, 0x0000000085f80000, 0x00000000d5580000)
  object space 97792K, 79% used [0x0000000080000000,0x0000000084c0dc28,0x0000000085f80000)
 Metaspace       used 92339K, capacity 96670K, committed 97944K, reserved 1134592K
  class space    used 12282K, capacity 13140K, committed 13488K, reserved 1048576K

Card table byte_map: [0x0000000011a90000,0x0000000011ea0000] byte_map_base: 0x0000000011690000

Marking Bits: (ParMarkBitMap*) 0x000000006409f030
 Begin Bits: [0x0000000012550000, 0x0000000014550000)
 End Bits:   [0x0000000014550000, 0x0000000016550000)

Polling page: 0x0000000000700000

CodeCache: size=245760Kb used=47043Kb max_used=47832Kb free=198716Kb
 bounds [0x00000000026d0000, 0x00000000055e0000, 0x00000000116d0000]
 total_blobs=14988 nmethods=14065 adapters=833
 compilation: enabled

Compilation events (10 events):
Event: 73.183 Thread 0x0000000017304000 17227       2       java.util.concurrent.ConcurrentHashMap::containsKey (14 bytes)
Event: 73.183 Thread 0x0000000017304000 nmethod 17227 0x00000000038b46d0 code [0x00000000038b4840, 0x00000000038b49c8]
Event: 73.225 Thread 0x0000000017304000 17229       2       com.google.common.collect.MapMakerInternalMap$Segment::removeFromChain (67 bytes)
Event: 73.226 Thread 0x0000000017304000 nmethod 17229 0x00000000047f9850 code [0x00000000047f99e0, 0x00000000047f9cd8]
Event: 73.226 Thread 0x0000000017304000 17228   !   2       com.google.common.collect.MapMakerInternalMap$Segment::reclaimKey (137 bytes)
Event: 73.227 Thread 0x0000000017304000 nmethod 17228 0x0000000004959e10 code [0x0000000004959fe0, 0x000000000495a478]
Event: 73.233 Thread 0x0000000017304000 17230       2       com.google.common.cache.LocalCache$WeakValueReference::<init> (12 bytes)
Event: 73.233 Thread 0x0000000017304000 nmethod 17230 0x0000000003f3b7d0 code [0x0000000003f3b920, 0x0000000003f3bad0]
Event: 73.233 Thread 0x0000000017304000 17231       2       org.gradle.api.internal.file.CompositeFileCollection::getFiles (96 bytes)
Event: 73.235 Thread 0x0000000017304000 nmethod 17231 0x0000000002e85c90 code [0x0000000002e85e80, 0x0000000002e86388]

GC Heap History (10 events):
Event: 34.885 GC heap before
{Heap before GC invocations=16 (full 3):
 PSYoungGen      total 271872K, used 271483K [0x00000000d5580000, 0x00000000e7c80000, 0x0000000100000000)
  eden space 253952K, 100% used [0x00000000d5580000,0x00000000e4d80000,0x00000000e4d80000)
  from space 17920K, 97% used [0x00000000e6b00000,0x00000000e7c1eee0,0x00000000e7c80000)
  to   space 23552K, 0% used [0x00000000e4e80000,0x00000000e4e80000,0x00000000e6580000)
 ParOldGen       total 97280K, used 38678K [0x0000000080000000, 0x0000000085f00000, 0x00000000d5580000)
  object space 97280K, 39% used [0x0000000080000000,0x00000000825c5be0,0x0000000085f00000)
 Metaspace       used 67897K, capacity 70962K, committed 71320K, reserved 1110016K
  class space    used 9164K, capacity 9784K, committed 9904K, reserved 1048576K
Event: 34.913 GC heap after
Heap after GC invocations=16 (full 3):
 PSYoungGen      total 278528K, used 6776K [0x00000000d5580000, 0x00000000ecb80000, 0x0000000100000000)
  eden space 254976K, 0% used [0x00000000d5580000,0x00000000d5580000,0x00000000e4e80000)
  from space 23552K, 28% used [0x00000000e4e80000,0x00000000e551e2d8,0x00000000e6580000)
  to   space 23040K, 0% used [0x00000000eb500000,0x00000000eb500000,0x00000000ecb80000)
 ParOldGen       total 97280K, used 50845K [0x0000000080000000, 0x0000000085f00000, 0x00000000d5580000)
  object space 97280K, 52% used [0x0000000080000000,0x00000000831a75d0,0x0000000085f00000)
 Metaspace       used 67897K, capacity 70962K, committed 71320K, reserved 1110016K
  class space    used 9164K, capacity 9784K, committed 9904K, reserved 1048576K
}
Event: 57.891 GC heap before
{Heap before GC invocations=17 (full 3):
 PSYoungGen      total 278528K, used 261752K [0x00000000d5580000, 0x00000000ecb80000, 0x0000000100000000)
  eden space 254976K, 100% used [0x00000000d5580000,0x00000000e4e80000,0x00000000e4e80000)
  from space 23552K, 28% used [0x00000000e4e80000,0x00000000e551e2d8,0x00000000e6580000)
  to   space 23040K, 0% used [0x00000000eb500000,0x00000000eb500000,0x00000000ecb80000)
 ParOldGen       total 97280K, used 50845K [0x0000000080000000, 0x0000000085f00000, 0x00000000d5580000)
  object space 97280K, 52% used [0x0000000080000000,0x00000000831a75d0,0x0000000085f00000)
 Metaspace       used 76036K, capacity 79402K, committed 79512K, reserved 1118208K
  class space    used 10219K, capacity 10909K, committed 10928K, reserved 1048576K
Event: 57.954 GC heap after
Heap after GC invocations=17 (full 3):
 PSYoungGen      total 343552K, used 14061K [0x00000000d5580000, 0x00000000ec380000, 0x0000000100000000)
  eden space 328704K, 0% used [0x00000000d5580000,0x00000000d5580000,0x00000000e9680000)
  from space 14848K, 94% used [0x00000000eb500000,0x00000000ec2bb418,0x00000000ec380000)
  to   space 23040K, 0% used [0x00000000e9680000,0x00000000e9680000,0x00000000ead00000)
 ParOldGen       total 97280K, used 54442K [0x0000000080000000, 0x0000000085f00000, 0x00000000d5580000)
  object space 97280K, 55% used [0x0000000080000000,0x000000008352a998,0x0000000085f00000)
 Metaspace       used 76036K, capacity 79402K, committed 79512K, reserved 1118208K
  class space    used 10219K, capacity 10909K, committed 10928K, reserved 1048576K
}
Event: 66.233 GC heap before
{Heap before GC invocations=18 (full 3):
 PSYoungGen      total 343552K, used 342765K [0x00000000d5580000, 0x00000000ec380000, 0x0000000100000000)
  eden space 328704K, 100% used [0x00000000d5580000,0x00000000e9680000,0x00000000e9680000)
  from space 14848K, 94% used [0x00000000eb500000,0x00000000ec2bb418,0x00000000ec380000)
  to   space 23040K, 0% used [0x00000000e9680000,0x00000000e9680000,0x00000000ead00000)
 ParOldGen       total 97280K, used 54442K [0x0000000080000000, 0x0000000085f00000, 0x00000000d5580000)
  object space 97280K, 55% used [0x0000000080000000,0x000000008352a998,0x0000000085f00000)
 Metaspace       used 91191K, capacity 95968K, committed 96280K, reserved 1132544K
  class space    used 12329K, capacity 13283K, committed 13360K, reserved 1048576K
Event: 66.587 GC heap after
Heap after GC invocations=18 (full 3):
 PSYoungGen      total 351744K, used 23035K [0x00000000d5580000, 0x00000000ec380000, 0x0000000100000000)
  eden space 328704K, 0% used [0x00000000d5580000,0x00000000d5580000,0x00000000e9680000)
  from space 23040K, 99% used [0x00000000e9680000,0x00000000eacfee00,0x00000000ead00000)
  to   space 14848K, 0% used [0x00000000eb500000,0x00000000eb500000,0x00000000ec380000)
 ParOldGen       total 97280K, used 79076K [0x0000000080000000, 0x0000000085f00000, 0x00000000d5580000)
  object space 97280K, 81% used [0x0000000080000000,0x0000000084d39360,0x0000000085f00000)
 Metaspace       used 91191K, capacity 95968K, committed 96280K, reserved 1132544K
  class space    used 12329K, capacity 13283K, committed 13360K, reserved 1048576K
}
Event: 71.678 GC heap before
{Heap before GC invocations=19 (full 3):
 PSYoungGen      total 351744K, used 351739K [0x00000000d5580000, 0x00000000ec380000, 0x0000000100000000)
  eden space 328704K, 100% used [0x00000000d5580000,0x00000000e9680000,0x00000000e9680000)
  from space 23040K, 99% used [0x00000000e9680000,0x00000000eacfee00,0x00000000ead00000)
  to   space 14848K, 0% used [0x00000000eb500000,0x00000000eb500000,0x00000000ec380000)
 ParOldGen       total 97280K, used 79076K [0x0000000080000000, 0x0000000085f00000, 0x00000000d5580000)
  object space 97280K, 81% used [0x0000000080000000,0x0000000084d39360,0x0000000085f00000)
 Metaspace       used 92691K, capacity 97564K, committed 97944K, reserved 1134592K
  class space    used 12406K, capacity 13363K, committed 13488K, reserved 1048576K
Event: 71.782 GC heap after
Heap after GC invocations=19 (full 3):
 PSYoungGen      total 343552K, used 14820K [0x00000000d5580000, 0x00000000ec380000, 0x0000000100000000)
  eden space 328704K, 0% used [0x00000000d5580000,0x00000000d5580000,0x00000000e9680000)
  from space 14848K, 99% used [0x00000000eb500000,0x00000000ec379308,0x00000000ec380000)
  to   space 23040K, 0% used [0x00000000e9680000,0x00000000e9680000,0x00000000ead00000)
 ParOldGen       total 97792K, used 97310K [0x0000000080000000, 0x0000000085f80000, 0x00000000d5580000)
  object space 97792K, 99% used [0x0000000080000000,0x0000000085f079d8,0x0000000085f80000)
 Metaspace       used 92691K, capacity 97564K, committed 97944K, reserved 1134592K
  class space    used 12406K, capacity 13363K, committed 13488K, reserved 1048576K
}
Event: 71.782 GC heap before
{Heap before GC invocations=20 (full 4):
 PSYoungGen      total 343552K, used 14820K [0x00000000d5580000, 0x00000000ec380000, 0x0000000100000000)
  eden space 328704K, 0% used [0x00000000d5580000,0x00000000d5580000,0x00000000e9680000)
  from space 14848K, 99% used [0x00000000eb500000,0x00000000ec379308,0x00000000ec380000)
  to   space 23040K, 0% used [0x00000000e9680000,0x00000000e9680000,0x00000000ead00000)
 ParOldGen       total 97792K, used 97310K [0x0000000080000000, 0x0000000085f80000, 0x00000000d5580000)
  object space 97792K, 99% used [0x0000000080000000,0x0000000085f079d8,0x0000000085f80000)
 Metaspace       used 92691K, capacity 97564K, committed 97944K, reserved 1134592K
  class space    used 12406K, capacity 13363K, committed 13488K, reserved 1048576K
Event: 72.301 GC heap after
Heap after GC invocations=20 (full 4):
 PSYoungGen      total 343552K, used 0K [0x00000000d5580000, 0x00000000ec380000, 0x0000000100000000)
  eden space 328704K, 0% used [0x00000000d5580000,0x00000000d5580000,0x00000000e9680000)
  from space 14848K, 0% used [0x00000000eb500000,0x00000000eb500000,0x00000000ec380000)
  to   space 23040K, 0% used [0x00000000e9680000,0x00000000e9680000,0x00000000ead00000)
 ParOldGen       total 97792K, used 77879K [0x0000000080000000, 0x0000000085f80000, 0x00000000d5580000)
  object space 97792K, 79% used [0x0000000080000000,0x0000000084c0dc28,0x0000000085f80000)
 Metaspace       used 92331K, capacity 96654K, committed 97944K, reserved 1134592K
  class space    used 12281K, capacity 13138K, committed 13488K, reserved 1048576K
}

Deoptimization events (10 events):
Event: 71.370 Thread 0x000000001d388800 Uncommon trap: reason=unstable_if action=reinterpret pc=0x00000000054ef030 method=com.android.tools.r8.s.a.a.b.t0.b(I[Ljava/lang/Object;)Lcom/android/tools/r8/s/a/a/b/t0; @ 179
Event: 71.391 Thread 0x000000001d388800 Uncommon trap: reason=unstable_if action=reinterpret pc=0x0000000005078ddc method=com.android.tools.r8.ir.regalloc.b.compareTo(Ljava/lang/Object;)I @ 88
Event: 71.492 Thread 0x000000001ad3d800 Uncommon trap: reason=class_check action=maybe_recompile pc=0x000000000555d254 method=com.android.tools.r8.ir.analysis.type.t.a(Lcom/android/tools/r8/u/b/m1;Lcom/android/tools/r8/ir/analysis/type/u;)V @ 67
Event: 71.660 Thread 0x000000001ad3d800 Uncommon trap: reason=array_check action=maybe_recompile pc=0x00000000054e2394 method=java.util.TimSort.mergeHi(IIII)V @ 101
Event: 71.660 Thread 0x000000001ad3d800 Uncommon trap: reason=array_check action=maybe_recompile pc=0x0000000005569b5c method=java.util.TimSort.mergeLo(IIII)V @ 81
Event: 71.677 Thread 0x000000001ad3d800 Uncommon trap: reason=unstable_if action=reinterpret pc=0x0000000002c89428 method=java.util.Arrays.equals([Ljava/lang/Object;[Ljava/lang/Object;)Z @ 47
Event: 71.677 Thread 0x000000001ad3d800 Uncommon trap: reason=null_check action=make_not_entrant pc=0x0000000004e54c40 method=com.android.tools.r8.graph.e0.computeEquals(Ljava/lang/Object;)Z @ 1
Event: 72.302 Thread 0x00000000026c2000 Uncommon trap: reason=unstable_if action=reinterpret pc=0x0000000003817678 method=java.lang.ref.Reference.tryHandlePending(Z)Z @ 20
Event: 72.323 Thread 0x00000000026ca800 Uncommon trap: reason=unstable_if action=reinterpret pc=0x0000000002b73160 method=java.util.WeakHashMap.expungeStaleEntries()V @ 66
Event: 72.893 Thread 0x000000001d388800 Uncommon trap: reason=unstable_if action=reinterpret pc=0x00000000048f0c48 method=com.google.common.collect.MapMakerInternalMap$Segment.drainKeyReferenceQueue(Ljava/lang/ref/ReferenceQueue;)V @ 32

Classes redefined (0 events):
No events

Internal exceptions (10 events):
Event: 70.853 Thread 0x000000001d38d000 Exception <a 'sun/nio/fs/WindowsException'> (0x00000000e513f018) thrown at [C:\src\AOSP-openjdk-git\hotspot\src\share\vm\prims\jni.cpp, line 710]
Event: 71.116 Thread 0x000000001d38d800 Exception <a 'sun/nio/fs/WindowsException'> (0x00000000e6c392f8) thrown at [C:\src\AOSP-openjdk-git\hotspot\src\share\vm\prims\jni.cpp, line 710]
Event: 71.181 Thread 0x000000001d388800 Exception <a 'sun/nio/fs/WindowsException'> (0x00000000e6e914e0) thrown at [C:\src\AOSP-openjdk-git\hotspot\src\share\vm\prims\jni.cpp, line 710]
Event: 71.493 Thread 0x000000001d388800 Exception <a 'sun/nio/fs/WindowsException'> (0x00000000e888cfd0) thrown at [C:\src\AOSP-openjdk-git\hotspot\src\share\vm\prims\jni.cpp, line 710]
Event: 71.677 Thread 0x000000001ad3d800 Implicit null exception at 0x0000000004e54acf to 0x0000000004e54c31
Event: 72.483 Thread 0x000000001d38d800 Exception <a 'sun/nio/fs/WindowsException'> (0x00000000d5cdda80) thrown at [C:\src\AOSP-openjdk-git\hotspot\src\share\vm\prims\jni.cpp, line 710]
Event: 72.847 Thread 0x000000001d38d000 Exception <a 'sun/nio/fs/WindowsException'> (0x00000000d63da728) thrown at [C:\src\AOSP-openjdk-git\hotspot\src\share\vm\prims\jni.cpp, line 710]
Event: 72.892 Thread 0x000000001ad3d800 Exception <a 'sun/nio/fs/WindowsException'> (0x00000000d5aed820) thrown at [C:\src\AOSP-openjdk-git\hotspot\src\share\vm\prims\jni.cpp, line 710]
Event: 72.998 Thread 0x000000001d38d000 Exception <a 'sun/nio/fs/WindowsException'> (0x00000000d66baca0) thrown at [C:\src\AOSP-openjdk-git\hotspot\src\share\vm\prims\jni.cpp, line 710]
Event: 73.181 Thread 0x000000001d38d800 Exception <a 'sun/nio/fs/WindowsException'> (0x00000000d6d46f30) thrown at [C:\src\AOSP-openjdk-git\hotspot\src\share\vm\prims\jni.cpp, line 710]

Events (10 events):
Event: 73.168 Thread 0x0000000017304000 flushing nmethod 0x00000000050539d0
Event: 73.168 Thread 0x0000000017304000 flushing nmethod 0x0000000005061c90
Event: 73.168 Thread 0x0000000017304000 flushing nmethod 0x000000000506a310
Event: 73.168 Thread 0x0000000017304000 flushing nmethod 0x00000000050edc50
Event: 73.169 Thread 0x0000000017304000 flushing nmethod 0x0000000005104fd0
Event: 73.169 Thread 0x0000000017304000 flushing nmethod 0x0000000005114c10
Event: 73.169 Thread 0x0000000017304000 flushing nmethod 0x0000000005116850
Event: 73.169 Thread 0x0000000017304000 flushing nmethod 0x000000000511b1d0
Event: 73.222 Executing VM operation: ForceSafepoint
Event: 73.223 Executing VM operation: ForceSafepoint done


Dynamic libraries:
0x00007ff7e4540000 - 0x00007ff7e4571000 	D:\Program Files\Android Studio\jre\bin\java.exe
0x00007ffd019a0000 - 0x00007ffd01b90000 	C:\WINDOWS\SYSTEM32\ntdll.dll
0x00007ffd005a0000 - 0x00007ffd00652000 	C:\WINDOWS\System32\KERNEL32.DLL
0x00007ffcfe920000 - 0x00007ffcfebc5000 	C:\WINDOWS\System32\KERNELBASE.dll
0x00007ffd00ba0000 - 0x00007ffd00c43000 	C:\WINDOWS\System32\ADVAPI32.dll
0x00007ffd00970000 - 0x00007ffd00a0e000 	C:\WINDOWS\System32\msvcrt.dll
0x00007ffd012b0000 - 0x00007ffd01347000 	C:\WINDOWS\System32\sechost.dll
0x00007ffd00a10000 - 0x00007ffd00b30000 	C:\WINDOWS\System32\RPCRT4.dll
0x00007ffd01350000 - 0x00007ffd014e4000 	C:\WINDOWS\System32\USER32.dll
0x00007ffcff490000 - 0x00007ffcff4b1000 	C:\WINDOWS\System32\win32u.dll
0x00007ffcffa50000 - 0x00007ffcffa76000 	C:\WINDOWS\System32\GDI32.dll
0x00007ffcff850000 - 0x00007ffcff9e6000 	C:\WINDOWS\System32\gdi32full.dll
0x00007ffcff5e0000 - 0x00007ffcff67e000 	C:\WINDOWS\System32\msvcp_win.dll
0x00007ffcff4c0000 - 0x00007ffcff5ba000 	C:\WINDOWS\System32\ucrtbase.dll
0x00007ffceeca0000 - 0x00007ffceef24000 	C:\WINDOWS\WinSxS\amd64_microsoft.windows.common-controls_6595b64144ccf1df_6.0.18362.1198_none_9e820b57e45ad92f\COMCTL32.dll
0x00007ffd01620000 - 0x00007ffd01955000 	C:\WINDOWS\System32\combase.dll
0x00007ffcff680000 - 0x00007ffcff700000 	C:\WINDOWS\System32\bcryptPrimitives.dll
0x00007ffd01220000 - 0x00007ffd0124e000 	C:\WINDOWS\System32\IMM32.DLL
0x0000000062ca0000 - 0x0000000062d72000 	D:\Program Files\Android Studio\jre\jre\bin\msvcr100.dll
0x00000000638d0000 - 0x000000006411b000 	D:\Program Files\Android Studio\jre\jre\bin\server\jvm.dll
0x00007ffd00c50000 - 0x00007ffd00c58000 	C:\WINDOWS\System32\PSAPI.DLL
0x00007ffcf12a0000 - 0x00007ffcf12aa000 	C:\WINDOWS\SYSTEM32\VERSION.dll
0x00007ffcea540000 - 0x00007ffcea549000 	C:\WINDOWS\SYSTEM32\WSOCK32.dll
0x00007ffd00900000 - 0x00007ffd0096f000 	C:\WINDOWS\System32\WS2_32.dll
0x00007ffcfc380000 - 0x00007ffcfc3a4000 	C:\WINDOWS\SYSTEM32\WINMM.dll
0x00007ffcfc350000 - 0x00007ffcfc37d000 	C:\WINDOWS\SYSTEM32\WINMMBASE.dll
0x00007ffcfebd0000 - 0x00007ffcfec1a000 	C:\WINDOWS\System32\cfgmgr32.dll
0x00007ffced4c0000 - 0x00007ffced4cf000 	D:\Program Files\Android Studio\jre\jre\bin\verify.dll
0x00007ffced490000 - 0x00007ffced4b9000 	D:\Program Files\Android Studio\jre\jre\bin\java.dll
0x00007ffced450000 - 0x00007ffced466000 	D:\Program Files\Android Studio\jre\jre\bin\zip.dll
0x00007ffcffea0000 - 0x00007ffd00587000 	C:\WINDOWS\System32\SHELL32.dll
0x00007ffd00c60000 - 0x00007ffd00d09000 	C:\WINDOWS\System32\shcore.dll
0x00007ffcfec50000 - 0x00007ffcff3d1000 	C:\WINDOWS\System32\windows.storage.dll
0x00007ffcfe8f0000 - 0x00007ffcfe913000 	C:\WINDOWS\System32\profapi.dll
0x00007ffcfe860000 - 0x00007ffcfe8aa000 	C:\WINDOWS\System32\powrprof.dll
0x00007ffcfe850000 - 0x00007ffcfe860000 	C:\WINDOWS\System32\UMPDC.dll
0x00007ffd01250000 - 0x00007ffd012a2000 	C:\WINDOWS\System32\shlwapi.dll
0x00007ffcfe8d0000 - 0x00007ffcfe8e1000 	C:\WINDOWS\System32\kernel.appcore.dll
0x00007ffcff5c0000 - 0x00007ffcff5d7000 	C:\WINDOWS\System32\cryptsp.dll
0x00007ffced420000 - 0x00007ffced43a000 	D:\Program Files\Android Studio\jre\jre\bin\net.dll
0x00007ffcfe070000 - 0x00007ffcfe0d7000 	C:\WINDOWS\system32\mswsock.dll
0x00007ffce3a30000 - 0x00007ffce3a43000 	D:\Program Files\Android Studio\jre\jre\bin\nio.dll
0x00007ffce3cb0000 - 0x00007ffce3cd6000 	C:\Users\44223\.gradle\native\31\windows-amd64\native-platform.dll
0x00007ffced480000 - 0x00007ffced48d000 	D:\Program Files\Android Studio\jre\jre\bin\management.dll
0x00007ffcfdbd0000 - 0x00007ffcfdc03000 	C:\WINDOWS\system32\rsaenh.dll
0x00007ffcfec20000 - 0x00007ffcfec46000 	C:\WINDOWS\System32\bcrypt.dll
0x00007ffcfe770000 - 0x00007ffcfe795000 	C:\WINDOWS\SYSTEM32\USERENV.dll
0x00007ffcfe250000 - 0x00007ffcfe25c000 	C:\WINDOWS\SYSTEM32\CRYPTBASE.dll
0x00007ffcfdd80000 - 0x00007ffcfddba000 	C:\WINDOWS\SYSTEM32\IPHLPAPI.DLL
0x00007ffd00590000 - 0x00007ffd00598000 	C:\WINDOWS\System32\NSI.dll
0x00007ffcf1860000 - 0x00007ffcf1876000 	C:\WINDOWS\SYSTEM32\dhcpcsvc6.DLL
0x00007ffcf1840000 - 0x00007ffcf185c000 	C:\WINDOWS\SYSTEM32\dhcpcsvc.DLL
0x00007ffcfddc0000 - 0x00007ffcfde8b000 	C:\WINDOWS\SYSTEM32\DNSAPI.dll
0x00007ffce3ce0000 - 0x00007ffce3cfe000 	C:\Users\44223\AppData\Local\Temp\native-platform1740829777687183571dir\native-platform.dll

VM Arguments:
jvm_args: -Xmx2048m -Dfile.encoding=windows-1251 -Duser.country=US -Duser.language=en -Duser.variant 
java_command: org.gradle.launcher.daemon.bootstrap.GradleDaemon 6.1.1
java_class_path (initial): C:\Users\44223\.gradle\wrapper\dists\gradle-6.1.1-all\cfmwm155h49vnt3hynmlrsdst\gradle-6.1.1\lib\gradle-launcher-6.1.1.jar
Launcher Type: SUN_STANDARD

Environment Variables:
JAVA_HOME=D:\JDK
USERNAME=44223
OS=Windows_NT
PROCESSOR_IDENTIFIER=Intel64 Family 6 Model 158 Stepping 9, GenuineIntel



---------------  S Y S T E M  ---------------

OS: Windows 10.0 , 64 bit Build 18362 (10.0.18362.1110)

CPU:total 4 (initial active 4) (4 cores per cpu, 1 threads per core) family 6 model 158 stepping 9, cmov, cx8, fxsr, mmx, sse, sse2, sse3, ssse3, sse4.1, sse4.2, popcnt, avx, avx2, aes, clmul, erms, 3dnowpref, lzcnt, tsc, tscinvbit, bmi1, bmi2, adx

Memory: 4k page, physical 8247348k(378388k free), swap 16635956k(344k free)

vm_info: OpenJDK 64-Bit Server VM (25.242-b01) for windows-amd64 JRE (1.8.0_242-release-1644-b01), built by "builder" with MS VC++ 10.0 (VS2010)

time: Thu Nov 26 23:27:18 2020
timezone: E. Europe Standard Time
elapsed time: 73 seconds (0d 0h 1m 13s)

